build/app/outputs/logs/manifest-merger-debug-report.txt
-- Merging decision tree log ---
manifest
ADDED from src\main\AndroidManifest.xml:1:1-41:12
INJECTED from src\main\AndroidManifest.xml:1:1-41:12
INJECTED from src\main\AndroidManifest.xml:1:1-41:12
INJECTED from src\main\AndroidManifest.xml:1:1-41:12
MERGED from src\main\AndroidManifest.xml:1:1-41:12
MERGED from [:sharesdk] AndroidManifest.xml:2:1-20:12
MERGED from [:path_provider] AndroidManifest.xml:2:1-7:12
MERGED from [cn.sharesdk:ShareSDK:3.6.7] AndroidManifest.xml:2:1-11:12
MERGED from [cn.sharesdk:OneKeyShare:3.6.7] AndroidManifest.xml:2:1-11:12
MERGED from [com.android.support.constraint:constraint-layout:1.1.3] AndroidManifest.xml:2:1-11:12
INJECTED from src\debug\AndroidManifest.xml:1:1-11:12
INJECTED from src\debug\AndroidManifest.xml:1:1-11:12
INJECTED from src\debug\AndroidManifest.xml:1:1-11:12
	package
		ADDED from src\main\AndroidManifest.xml:2:5-38
		INJECTED from src\main\AndroidManifest.xml
		INJECTED from src\debug\AndroidManifest.xml
	android:versionName
		INJECTED from src\main\AndroidManifest.xml
		ADDED from src\main\AndroidManifest.xml:1:1-41:12
		INJECTED from src\debug\AndroidManifest.xml
	xmlns:tools
		ADDED from src\main\AndroidManifest.xml:3:5-51
		ADDED from src\main\AndroidManifest.xml:3:5-51
	android:versionCode
		INJECTED from src\main\AndroidManifest.xml
		ADDED from src\main\AndroidManifest.xml:1:1-41:12
		INJECTED from src\debug\AndroidManifest.xml
	xmlns:android
		ADDED from src\main\AndroidManifest.xml:1:11-69
uses-permission#android.permission.INTERNET
ADDED from src\main\AndroidManifest.xml:5:5-66
MERGED from src\main\AndroidManifest.xml:5:5-66
MERGED from src\main\AndroidManifest.xml:5:5-66
	android:name
		ADDED from src\main\AndroidManifest.xml:5:22-64
uses-permission#android.permission.CAMERA
ADDED from src\main\AndroidManifest.xml:6:5-65
MERGED from src\main\AndroidManifest.xml:6:5-65
MERGED from src\main\AndroidManifest.xml:6:5-65
	android:name
		ADDED from src\main\AndroidManifest.xml:6:22-62
uses-permission#android.permission.VIBRATE
ADDED from src\main\AndroidManifest.xml:7:5-65
MERGED from src\main\AndroidManifest.xml:7:5-65
MERGED from src\main\AndroidManifest.xml:7:5-65
	android:name
		ADDED from src\main\AndroidManifest.xml:7:22-63
uses-permission#android.permission.WRITE_EXTERNAL_STORAGE
ADDED from src\main\AndroidManifest.xml:8:5-80
MERGED from src\main\AndroidManifest.xml:8:5-80
MERGED from src\main\AndroidManifest.xml:8:5-80
	android:name
		ADDED from src\main\AndroidManifest.xml:8:22-78
uses-permission#android.permission.READ_EXTERNAL_STORAGE
ADDED from src\main\AndroidManifest.xml:9:5-79
MERGED from src\main\AndroidManifest.xml:9:5-79
MERGED from src\main\AndroidManifest.xml:9:5-79
	android:name
		ADDED from src\main\AndroidManifest.xml:9:22-77
application
ADDED from src\main\AndroidManifest.xml:16:5-40:19
MERGED from [:sharesdk] AndroidManifest.xml:11:5-18:19
MERGED from [:sharesdk] AndroidManifest.xml:11:5-18:19
MERGED from [com.android.support.constraint:constraint-layout:1.1.3] AndroidManifest.xml:9:5-20
MERGED from [com.android.support.constraint:constraint-layout:1.1.3] AndroidManifest.xml:9:5-20
	android:label
		ADDED from src\main\AndroidManifest.xml:18:9-27
	android:icon
		ADDED from src\main\AndroidManifest.xml:19:9-43
	tools:replace
		ADDED from src\main\AndroidManifest.xml:20:9-37
	android:name
		ADDED from src\main\AndroidManifest.xml:17:9-57
activity#com.example.flutter_app.MainActivity
ADDED from src\main\AndroidManifest.xml:21:9-39:20
	android:launchMode
		ADDED from src\main\AndroidManifest.xml:23:13-43
	android:hardwareAccelerated
		ADDED from src\main\AndroidManifest.xml:26:13-47
	android:windowSoftInputMode
		ADDED from src\main\AndroidManifest.xml:27:13-55
	android:configChanges
		ADDED from src\main\AndroidManifest.xml:25:13-144
	android:theme
		ADDED from src\main\AndroidManifest.xml:24:13-47
	android:name
		ADDED from src\main\AndroidManifest.xml:22:13-41
meta-data#io.flutter.app.android.SplashScreenUntilFirstFrame
ADDED from src\main\AndroidManifest.xml:32:13-34:40
	android:value
		ADDED from src\main\AndroidManifest.xml:34:17-37
	android:name
		ADDED from src\main\AndroidManifest.xml:33:17-82
intent-filter#action:name:android.intent.action.MAIN+category:name:android.intent.category.LAUNCHER
ADDED from src\main\AndroidManifest.xml:35:13-38:29
action#android.intent.action.MAIN
ADDED from src\main\AndroidManifest.xml:36:17-68
	android:name
		ADDED from src\main\AndroidManifest.xml:36:25-66
category#android.intent.category.LAUNCHER
ADDED from src\main\AndroidManifest.xml:37:17-76
	android:name
		ADDED from src\main\AndroidManifest.xml:37:27-74
uses-sdk
INJECTED from src\main\AndroidManifest.xml reason: use-sdk injection requested
INJECTED from src\main\AndroidManifest.xml
INJECTED from src\main\AndroidManifest.xml
MERGED from [:sharesdk] AndroidManifest.xml:7:5-9:41
MERGED from [:sharesdk] AndroidManifest.xml:7:5-9:41
MERGED from [:path_provider] AndroidManifest.xml:5:5-44
MERGED from [:path_provider] AndroidManifest.xml:5:5-44
MERGED from [cn.sharesdk:ShareSDK:3.6.7] AndroidManifest.xml:7:5-9:41
MERGED from [cn.sharesdk:ShareSDK:3.6.7] AndroidManifest.xml:7:5-9:41
MERGED from [cn.sharesdk:OneKeyShare:3.6.7] AndroidManifest.xml:7:5-9:41
MERGED from [cn.sharesdk:OneKeyShare:3.6.7] AndroidManifest.xml:7:5-9:41
MERGED from [com.android.support.constraint:constraint-layout:1.1.3] AndroidManifest.xml:5:5-7:41
MERGED from [com.android.support.constraint:constraint-layout:1.1.3] AndroidManifest.xml:5:5-7:41
INJECTED from src\debug\AndroidManifest.xml
INJECTED from src\debug\AndroidManifest.xml
	android:targetSdkVersion
		INJECTED from src\main\AndroidManifest.xml
		INJECTED from src\debug\AndroidManifest.xml
	android:minSdkVersion
		INJECTED from src\main\AndroidManifest.xml
		INJECTED from src\debug\AndroidManifest.xml
meta-data#Mob-AppKey
ADDED from [:sharesdk] AndroidManifest.xml:12:9-14:43
	android:value
		ADDED from [:sharesdk] AndroidManifest.xml:14:13-40
	android:name
		ADDED from [:sharesdk] AndroidManifest.xml:13:13-38
meta-data#Mob-AppSecret
ADDED from [:sharesdk] AndroidManifest.xml:15:9-17:64
	android:value
		ADDED from [:sharesdk] AndroidManifest.xml:17:13-61
	android:name
		ADDED from [:sharesdk] AndroidManifest.xml:16:13-41